<?xml version="1.0" encoding="UTF-8"?>
<!-- Generated by org.testng.reporters.JUnitXMLReporter -->
<testsuite ignored="0" hostname="LAPTOP-G9RE70VK" failures="1" tests="1" name="Default test(failed)" time="15.959" errors="0" timestamp="2022-08-09T22:00:25 IST">
  <testcase classname="com.crm.Sdet.organization.CreateOrganization" name="Organization" time="9.555">
    <failure type="java.lang.AssertionError" message="expected [false] but found [true]">
      <![CDATA[java.lang.AssertionError: expected [false] but found [true]
at com.crm.Sdet.organization.CreateOrganization.Organization(CreateOrganization.java:63)
at java.base/java.util.ArrayList.forEach(ArrayList.java:1511)
... Removed 33 stack frames]]>
    </failure>
  </testcase> <!-- Organization -->
</testsuite> <!-- Default test(failed) -->
