<?xml version="1.0" encoding="UTF-8"?>
<!-- Generated by org.testng.reporters.JUnitXMLReporter -->
<testsuite ignored="21" hostname="LAPTOP-G9RE70VK" failures="0" tests="1" name="groupexicution" time="0.105" errors="0" timestamp="2022-08-08T19:20:34 IST">
  <testcase classname="comcast.vtiger.genericUtility2.BaseClass" name="@BeforeClass BC" time="-1.659966633982E9">
    <failure type="org.testng.TestNGException" message="
Parameter &amp;apos;BROWSER&amp;apos; is required by BeforeClass on method BC but has not been marked @Optional or defined
in C:\Users\shahn\eclipse-workspaceNEW\sdet_39seleniumframework\testng.xml">
      <![CDATA[org.testng.TestNGException: 
Parameter 'BROWSER' is required by BeforeClass on method BC but has not been marked @Optional or defined
in C:\Users\shahn\eclipse-workspaceNEW\sdet_39seleniumframework\testng.xml
at java.base/java.util.ArrayList.forEach(ArrayList.java:1511)
... Removed 22 stack frames]]>
    </failure>
  </testcase> <!-- @BeforeClass BC -->
  <testcase classname="comcast.vtiger.genericUtility2.BaseClass" name="@BeforeMethod BM" time="-1.659966634028E9">
    <skipped/>
  </testcase> <!-- @BeforeMethod BM -->
  <testcase classname="comcast.vtiger.genericUtility2.BaseClass" name="@AfterClass AC" time="-1.659966634046E9">
    <skipped/>
  </testcase> <!-- @AfterClass AC -->
  <testcase classname="com.crm.Sdet.campaigns.Campignwithproduct11" name="campandproduct" time="0.0">
    <skipped/>
  </testcase> <!-- campandproduct -->
  <testcase classname="com.crm.Sdet.product.CreateProduct" name="productCreate" time="0.0">
    <ignored/>
  </testcase> <!-- productCreate -->
  <testcase classname="com.crm.Sdet.organization.CreateOrganization" name="Organization" time="0.0">
    <ignored/>
  </testcase> <!-- Organization -->
  <testcase classname="com.crm.Sdet.product.DeleteProduct" name="regresstiontest" time="0.0">
    <ignored/>
  </testcase> <!-- regresstiontest -->
  <testcase classname="com.crm.Sdet.campaigns.CreateCampaigns" name="campigncreate" time="0.0">
    <ignored/>
  </testcase> <!-- campigncreate -->
  <testcase classname="comcast.vtiger.genericUtility2.BaseClass" name="@BeforeTest BT" time="0.0">
    <ignored/>
  </testcase> <!-- @BeforeTest BT -->
  <testcase classname="comcast.vtiger.genericUtility2.BaseClass" name="@BeforeTest BT" time="0.0">
    <ignored/>
  </testcase> <!-- @BeforeTest BT -->
  <testcase classname="comcast.vtiger.genericUtility2.BaseClass" name="@BeforeTest BT" time="0.0">
    <ignored/>
  </testcase> <!-- @BeforeTest BT -->
  <testcase classname="comcast.vtiger.genericUtility2.BaseClass" name="@BeforeTest BT" time="0.0">
    <ignored/>
  </testcase> <!-- @BeforeTest BT -->
  <testcase classname="comcast.vtiger.genericUtility2.BaseClass" name="@AfterSuite AS" time="0.0">
    <ignored/>
  </testcase> <!-- @AfterSuite AS -->
  <testcase classname="comcast.vtiger.genericUtility2.BaseClass" name="@AfterSuite AS" time="0.0">
    <ignored/>
  </testcase> <!-- @AfterSuite AS -->
  <testcase classname="comcast.vtiger.genericUtility2.BaseClass" name="@AfterSuite AS" time="0.0">
    <ignored/>
  </testcase> <!-- @AfterSuite AS -->
  <testcase classname="comcast.vtiger.genericUtility2.BaseClass" name="@AfterSuite AS" time="0.0">
    <ignored/>
  </testcase> <!-- @AfterSuite AS -->
  <testcase classname="comcast.vtiger.genericUtility2.BaseClass" name="@BeforeSuite BS" time="0.0">
    <ignored/>
  </testcase> <!-- @BeforeSuite BS -->
  <testcase classname="comcast.vtiger.genericUtility2.BaseClass" name="@BeforeSuite BS" time="0.0">
    <ignored/>
  </testcase> <!-- @BeforeSuite BS -->
  <testcase classname="comcast.vtiger.genericUtility2.BaseClass" name="@BeforeSuite BS" time="0.0">
    <ignored/>
  </testcase> <!-- @BeforeSuite BS -->
  <testcase classname="comcast.vtiger.genericUtility2.BaseClass" name="@BeforeSuite BS" time="0.0">
    <ignored/>
  </testcase> <!-- @BeforeSuite BS -->
  <testcase classname="com.crm.Sdet.product.DeleteProduct" name="productDelete" time="0.0">
    <ignored/>
  </testcase> <!-- productDelete -->
  <testcase classname="comcast.vtiger.genericUtility2.BaseClass" name="@AfterTest AT" time="0.0">
    <ignored/>
  </testcase> <!-- @AfterTest AT -->
  <testcase classname="comcast.vtiger.genericUtility2.BaseClass" name="@AfterTest AT" time="0.0">
    <ignored/>
  </testcase> <!-- @AfterTest AT -->
  <testcase classname="comcast.vtiger.genericUtility2.BaseClass" name="@AfterTest AT" time="0.0">
    <ignored/>
  </testcase> <!-- @AfterTest AT -->
  <testcase classname="comcast.vtiger.genericUtility2.BaseClass" name="@AfterTest AT" time="0.0">
    <ignored/>
  </testcase> <!-- @AfterTest AT -->
</testsuite> <!-- groupexicution -->
