<?xml version="1.0" encoding="UTF-8"?>
<!-- Generated by org.testng.reporters.JUnitXMLReporter -->
<testsuite ignored="5" hostname="LAPTOP-G9RE70VK" failures="1" tests="2" name="sampledemo" time="0.05" errors="0" timestamp="2022-08-08T13:34:43 IST">
  <testcase classname="Practice.Demo" name="CreateOrganization" time="0.006"/>
  <testcase classname="Practice.Sample" name="CreateConact" time="0.001">
    <failure type="java.lang.ArrayIndexOutOfBoundsException" message="Index 5 out of bounds for length 3">
      <![CDATA[java.lang.ArrayIndexOutOfBoundsException: Index 5 out of bounds for length 3
at Practice.Sample.CreateConact(Sample.java:13)
at java.base/java.util.ArrayList.forEach(ArrayList.java:1511)
... Removed 27 stack frames]]>
    </failure>
  </testcase> <!-- CreateConact -->
  <testcase classname="Practice.Sample" name="EditOrganization" time="0.0">
    <ignored/>
  </testcase> <!-- EditOrganization -->
  <testcase classname="Practice.Sample" name="NewOrganization" time="0.0">
    <ignored/>
  </testcase> <!-- NewOrganization -->
  <testcase classname="Practice.Sample" name="ModifyConact" time="0.0">
    <ignored/>
  </testcase> <!-- ModifyConact -->
  <testcase classname="Practice.Sample" name="DeleteConact" time="0.0">
    <ignored/>
  </testcase> <!-- DeleteConact -->
  <testcase classname="Practice.Demo" name="deleteOrganization" time="0.0">
    <ignored/>
  </testcase> <!-- deleteOrganization -->
</testsuite> <!-- sampledemo -->
