<?xml version="1.0" encoding="UTF-8"?>
<testng-results ignored="0" total="1" passed="1" failed="0" skipped="0">
  <reporter-output>
  </reporter-output>
  <suite started-at="2022-09-30T20:59:11 IST" name="Default suite" finished-at="2022-09-30T20:59:41 IST" duration-ms="30336">
    <groups>
    </groups>
    <test started-at="2022-09-30T20:59:11 IST" name="Default test" finished-at="2022-09-30T20:59:41 IST" duration-ms="30336">
      <class name="com.crm.Sdet.campaigns.CreateCampaignsTest">
        <test-method is-config="true" signature="BS()[pri:0, instance:com.crm.Sdet.campaigns.CreateCampaignsTest@7205765b]" started-at="2022-09-30T20:59:11 IST" name="BS" finished-at="2022-09-30T20:59:11 IST" duration-ms="8" status="PASS">
          <reporter-output>
          </reporter-output>
        </test-method> <!-- BS -->
        <test-method is-config="true" signature="BT()[pri:0, instance:com.crm.Sdet.campaigns.CreateCampaignsTest@7205765b]" started-at="2022-09-30T20:59:11 IST" name="BT" finished-at="2022-09-30T20:59:11 IST" duration-ms="1" status="PASS">
          <reporter-output>
          </reporter-output>
        </test-method> <!-- BT -->
        <test-method is-config="true" signature="BC()[pri:0, instance:com.crm.Sdet.campaigns.CreateCampaignsTest@7205765b]" started-at="2022-09-30T20:59:11 IST" name="BC" finished-at="2022-09-30T20:59:13 IST" duration-ms="1748" status="PASS">
          <reporter-output>
          </reporter-output>
        </test-method> <!-- BC -->
        <test-method is-config="true" signature="BM()[pri:0, instance:com.crm.Sdet.campaigns.CreateCampaignsTest@7205765b]" started-at="2022-09-30T20:59:13 IST" name="BM" finished-at="2022-09-30T20:59:18 IST" duration-ms="5178" status="PASS">
          <reporter-output>
          </reporter-output>
        </test-method> <!-- BM -->
        <test-method signature="campigncreate()[pri:0, instance:com.crm.Sdet.campaigns.CreateCampaignsTest@7205765b]" started-at="2022-09-30T20:59:18 IST" name="campigncreate" finished-at="2022-09-30T20:59:41 IST" duration-ms="23371" status="PASS">
          <reporter-output>
          </reporter-output>
        </test-method> <!-- campigncreate -->
        <test-method is-config="true" signature="AM()[pri:0, instance:com.crm.Sdet.campaigns.CreateCampaignsTest@7205765b]" started-at="2022-09-30T20:59:41 IST" name="AM" finished-at="2022-09-30T20:59:41 IST" duration-ms="2" status="PASS">
          <reporter-output>
          </reporter-output>
        </test-method> <!-- AM -->
        <test-method is-config="true" signature="AC()[pri:0, instance:com.crm.Sdet.campaigns.CreateCampaignsTest@7205765b]" started-at="2022-09-30T20:59:41 IST" name="AC" finished-at="2022-09-30T20:59:41 IST" duration-ms="1" status="PASS">
          <reporter-output>
          </reporter-output>
        </test-method> <!-- AC -->
        <test-method is-config="true" signature="AT()[pri:0, instance:com.crm.Sdet.campaigns.CreateCampaignsTest@7205765b]" started-at="2022-09-30T20:59:41 IST" name="AT" finished-at="2022-09-30T20:59:41 IST" duration-ms="1" status="PASS">
          <reporter-output>
          </reporter-output>
        </test-method> <!-- AT -->
        <test-method is-config="true" signature="AS()[pri:0, instance:com.crm.Sdet.campaigns.CreateCampaignsTest@7205765b]" started-at="2022-09-30T20:59:41 IST" name="AS" finished-at="2022-09-30T20:59:41 IST" duration-ms="1" status="PASS">
          <reporter-output>
          </reporter-output>
        </test-method> <!-- AS -->
      </class> <!-- com.crm.Sdet.campaigns.CreateCampaignsTest -->
    </test> <!-- Default test -->
  </suite> <!-- Default suite -->
</testng-results>
